mode: set
/Users/kenedyakena/go/article_maker/app.go:18.57,23.16 4 1
/Users/kenedyakena/go/article_maker/app.go:27.2,28.22 2 1
/Users/kenedyakena/go/article_maker/app.go:23.16,25.3 1 0
/Users/kenedyakena/go/article_maker/app.go:31.63,36.16 4 0
/Users/kenedyakena/go/article_maker/app.go:36.16,38.3 1 0
/Users/kenedyakena/go/article_maker/app.go:41.32,43.2 1 0
/Users/kenedyakena/go/article_maker/app.go:45.73,51.16 6 1
/Users/kenedyakena/go/article_maker/app.go:56.2,56.45 1 1
/Users/kenedyakena/go/article_maker/app.go:51.16,54.3 2 0
/Users/kenedyakena/go/article_maker/app.go:59.72,62.16 3 1
/Users/kenedyakena/go/article_maker/app.go:66.2,67.49 2 1
/Users/kenedyakena/go/article_maker/app.go:76.2,76.44 1 1
/Users/kenedyakena/go/article_maker/app.go:62.16,65.3 2 0
/Users/kenedyakena/go/article_maker/app.go:67.49,68.14 1 0
/Users/kenedyakena/go/article_maker/app.go:74.3,74.9 1 0
/Users/kenedyakena/go/article_maker/app.go:69.22,70.65 1 0
/Users/kenedyakena/go/article_maker/app.go:71.11,72.68 1 0
/Users/kenedyakena/go/article_maker/app.go:79.75,82.49 3 1
/Users/kenedyakena/go/article_maker/app.go:86.2,90.61 4 1
/Users/kenedyakena/go/article_maker/app.go:97.2,99.59 3 1
/Users/kenedyakena/go/article_maker/app.go:106.2,114.58 2 1
/Users/kenedyakena/go/article_maker/app.go:119.2,119.49 1 1
/Users/kenedyakena/go/article_maker/app.go:82.49,85.3 2 0
/Users/kenedyakena/go/article_maker/app.go:90.61,91.57 1 1
/Users/kenedyakena/go/article_maker/app.go:91.57,94.4 2 0
/Users/kenedyakena/go/article_maker/app.go:99.59,100.55 1 1
/Users/kenedyakena/go/article_maker/app.go:100.55,103.4 2 0
/Users/kenedyakena/go/article_maker/app.go:114.58,117.3 2 0
/Users/kenedyakena/go/article_maker/app.go:122.75,126.49 3 1
/Users/kenedyakena/go/article_maker/app.go:130.2,134.61 4 1
/Users/kenedyakena/go/article_maker/app.go:141.2,143.59 3 1
/Users/kenedyakena/go/article_maker/app.go:150.2,159.58 2 1
/Users/kenedyakena/go/article_maker/app.go:163.2,163.44 1 1
/Users/kenedyakena/go/article_maker/app.go:126.49,129.3 2 0
/Users/kenedyakena/go/article_maker/app.go:134.61,135.57 1 1
/Users/kenedyakena/go/article_maker/app.go:135.57,138.4 2 0
/Users/kenedyakena/go/article_maker/app.go:143.59,144.55 1 1
/Users/kenedyakena/go/article_maker/app.go:144.55,147.4 2 0
/Users/kenedyakena/go/article_maker/app.go:159.58,162.3 2 0
/Users/kenedyakena/go/article_maker/app.go:166.75,169.16 3 1
/Users/kenedyakena/go/article_maker/app.go:173.2,174.52 2 1
/Users/kenedyakena/go/article_maker/app.go:178.2,178.75 1 1
/Users/kenedyakena/go/article_maker/app.go:169.16,172.3 2 0
/Users/kenedyakena/go/article_maker/app.go:174.52,177.3 2 0
/Users/kenedyakena/go/article_maker/app.go:181.72,183.2 1 0
/Users/kenedyakena/go/article_maker/app.go:184.76,189.2 4 1
/Users/kenedyakena/go/article_maker/app.go:191.76,194.50 3 0
/Users/kenedyakena/go/article_maker/app.go:198.2,200.54 2 0
/Users/kenedyakena/go/article_maker/app.go:205.2,205.50 1 0
/Users/kenedyakena/go/article_maker/app.go:194.50,197.3 2 0
/Users/kenedyakena/go/article_maker/app.go:200.54,203.3 2 0
/Users/kenedyakena/go/article_maker/app.go:208.77,211.51 3 0
/Users/kenedyakena/go/article_maker/app.go:215.2,217.56 2 0
/Users/kenedyakena/go/article_maker/app.go:222.2,222.51 1 0
/Users/kenedyakena/go/article_maker/app.go:211.51,214.3 2 0
/Users/kenedyakena/go/article_maker/app.go:217.56,220.3 2 0
/Users/kenedyakena/go/article_maker/app.go:225.34,240.2 8 1
/Users/kenedyakena/go/article_maker/app.go:242.63,248.61 4 0
/Users/kenedyakena/go/article_maker/app.go:255.2,255.51 1 0
/Users/kenedyakena/go/article_maker/app.go:248.61,249.57 1 0
/Users/kenedyakena/go/article_maker/app.go:249.57,252.4 2 0
/Users/kenedyakena/go/article_maker/article.go:37.57,41.16 3 1
/Users/kenedyakena/go/article_maker/article.go:45.2,47.16 2 1
/Users/kenedyakena/go/article_maker/article.go:51.2,51.12 1 1
/Users/kenedyakena/go/article_maker/article.go:41.16,43.3 1 0
/Users/kenedyakena/go/article_maker/article.go:47.16,49.3 1 0
/Users/kenedyakena/go/article_maker/article.go:54.57,60.2 3 1
/Users/kenedyakena/go/article_maker/article.go:62.48,72.2 2 1
/Users/kenedyakena/go/article_maker/article.go:74.51,78.2 3 0
/Users/kenedyakena/go/article_maker/article.go:80.51,84.2 3 1
/Users/kenedyakena/go/article_maker/article.go:86.125,93.79 2 1
/Users/kenedyakena/go/article_maker/article.go:119.2,121.16 2 1
/Users/kenedyakena/go/article_maker/article.go:125.2,127.18 3 1
/Users/kenedyakena/go/article_maker/article.go:135.2,135.22 1 1
/Users/kenedyakena/go/article_maker/article.go:93.79,98.21 3 1
/Users/kenedyakena/go/article_maker/article.go:102.3,102.22 1 1
/Users/kenedyakena/go/article_maker/article.go:106.3,106.24 1 1
/Users/kenedyakena/go/article_maker/article.go:110.3,110.22 1 1
/Users/kenedyakena/go/article_maker/article.go:114.3,116.22 2 1
/Users/kenedyakena/go/article_maker/article.go:98.21,100.4 1 1
/Users/kenedyakena/go/article_maker/article.go:102.22,104.4 1 1
/Users/kenedyakena/go/article_maker/article.go:106.24,108.4 1 1
/Users/kenedyakena/go/article_maker/article.go:110.22,112.4 1 0
/Users/kenedyakena/go/article_maker/article.go:121.16,123.3 1 0
/Users/kenedyakena/go/article_maker/article.go:127.18,129.126 2 1
/Users/kenedyakena/go/article_maker/article.go:132.3,132.33 1 1
/Users/kenedyakena/go/article_maker/article.go:129.126,131.4 1 0
/Users/kenedyakena/go/article_maker/category.go:14.49,17.2 2 0
/Users/kenedyakena/go/article_maker/category.go:19.58,22.2 2 1
/Users/kenedyakena/go/article_maker/category.go:24.52,28.2 3 0
/Users/kenedyakena/go/article_maker/category.go:30.52,34.2 3 0
/Users/kenedyakena/go/article_maker/category.go:36.56,39.2 2 0
/Users/kenedyakena/go/article_maker/category.go:41.53,45.16 3 1
/Users/kenedyakena/go/article_maker/category.go:49.2,51.16 2 1
/Users/kenedyakena/go/article_maker/category.go:55.2,55.12 1 1
/Users/kenedyakena/go/article_maker/category.go:45.16,47.3 1 0
/Users/kenedyakena/go/article_maker/category.go:51.16,53.3 1 0
/Users/kenedyakena/go/article_maker/main.go:8.13,15.2 3 0
/Users/kenedyakena/go/article_maker/publisher.go:14.52,17.2 2 0
/Users/kenedyakena/go/article_maker/publisher.go:19.60,22.2 2 1
/Users/kenedyakena/go/article_maker/publisher.go:24.53,28.2 3 0
/Users/kenedyakena/go/article_maker/publisher.go:30.53,34.2 3 0
/Users/kenedyakena/go/article_maker/publisher.go:36.55,40.16 3 1
/Users/kenedyakena/go/article_maker/publisher.go:44.2,46.16 2 1
/Users/kenedyakena/go/article_maker/publisher.go:50.2,50.12 1 1
/Users/kenedyakena/go/article_maker/publisher.go:40.16,42.3 1 0
/Users/kenedyakena/go/article_maker/publisher.go:46.16,48.3 1 0
/Users/kenedyakena/go/article_maker/publisher.go:53.74,57.16 3 0
/Users/kenedyakena/go/article_maker/publisher.go:61.2,63.18 3 0
/Users/kenedyakena/go/article_maker/publisher.go:71.2,71.24 1 0
/Users/kenedyakena/go/article_maker/publisher.go:57.16,59.3 1 0
/Users/kenedyakena/go/article_maker/publisher.go:63.18,65.65 2 0
/Users/kenedyakena/go/article_maker/publisher.go:68.3,68.37 1 0
/Users/kenedyakena/go/article_maker/publisher.go:65.65,67.4 1 0
