mode: set
/Users/kenedyakena/go/article_maker/main.go:8.13,13.2 3 0
/Users/kenedyakena/go/article_maker/publisher.go:13.60,15.2 1 1
/Users/kenedyakena/go/article_maker/publisher.go:17.55,21.16 2 1
/Users/kenedyakena/go/article_maker/publisher.go:25.2,27.16 2 1
/Users/kenedyakena/go/article_maker/publisher.go:31.2,31.12 1 1
/Users/kenedyakena/go/article_maker/publisher.go:21.16,23.3 1 0
/Users/kenedyakena/go/article_maker/publisher.go:27.16,29.3 1 0
/Users/kenedyakena/go/article_maker/app.go:18.71,21.16 3 1
/Users/kenedyakena/go/article_maker/app.go:24.2,26.22 3 1
/Users/kenedyakena/go/article_maker/app.go:21.16,22.13 1 0
/Users/kenedyakena/go/article_maker/app.go:29.63,34.16 4 0
/Users/kenedyakena/go/article_maker/app.go:34.16,36.3 1 0
/Users/kenedyakena/go/article_maker/app.go:39.32,41.2 1 0
/Users/kenedyakena/go/article_maker/app.go:43.73,50.16 6 1
/Users/kenedyakena/go/article_maker/app.go:56.2,56.45 1 1
/Users/kenedyakena/go/article_maker/app.go:50.16,54.3 3 0
/Users/kenedyakena/go/article_maker/app.go:59.72,62.16 3 1
/Users/kenedyakena/go/article_maker/app.go:66.2,67.49 2 1
/Users/kenedyakena/go/article_maker/app.go:76.2,76.44 1 1
/Users/kenedyakena/go/article_maker/app.go:62.16,65.3 2 0
/Users/kenedyakena/go/article_maker/app.go:67.49,68.14 1 0
/Users/kenedyakena/go/article_maker/app.go:74.3,74.9 1 0
/Users/kenedyakena/go/article_maker/app.go:69.22,70.65 1 0
/Users/kenedyakena/go/article_maker/app.go:71.11,72.68 1 0
/Users/kenedyakena/go/article_maker/app.go:79.75,82.49 3 1
/Users/kenedyakena/go/article_maker/app.go:86.2,90.61 4 1
/Users/kenedyakena/go/article_maker/app.go:97.2,99.59 3 1
/Users/kenedyakena/go/article_maker/app.go:106.2,114.58 2 1
/Users/kenedyakena/go/article_maker/app.go:119.2,119.49 1 1
/Users/kenedyakena/go/article_maker/app.go:82.49,85.3 2 0
/Users/kenedyakena/go/article_maker/app.go:90.61,91.57 1 1
/Users/kenedyakena/go/article_maker/app.go:91.57,94.4 2 0
/Users/kenedyakena/go/article_maker/app.go:99.59,100.55 1 1
/Users/kenedyakena/go/article_maker/app.go:100.55,103.4 2 0
/Users/kenedyakena/go/article_maker/app.go:114.58,117.3 2 0
/Users/kenedyakena/go/article_maker/app.go:122.75,126.49 3 1
/Users/kenedyakena/go/article_maker/app.go:130.2,134.61 4 1
/Users/kenedyakena/go/article_maker/app.go:141.2,143.59 3 1
/Users/kenedyakena/go/article_maker/app.go:150.2,159.58 2 1
/Users/kenedyakena/go/article_maker/app.go:163.2,163.44 1 1
/Users/kenedyakena/go/article_maker/app.go:126.49,129.3 2 0
/Users/kenedyakena/go/article_maker/app.go:134.61,135.57 1 1
/Users/kenedyakena/go/article_maker/app.go:135.57,138.4 2 0
/Users/kenedyakena/go/article_maker/app.go:143.59,144.55 1 1
/Users/kenedyakena/go/article_maker/app.go:144.55,147.4 2 0
/Users/kenedyakena/go/article_maker/app.go:159.58,162.3 2 0
/Users/kenedyakena/go/article_maker/app.go:166.75,169.16 3 1
/Users/kenedyakena/go/article_maker/app.go:173.2,174.52 2 1
/Users/kenedyakena/go/article_maker/app.go:178.2,178.75 1 1
/Users/kenedyakena/go/article_maker/app.go:169.16,172.3 2 0
/Users/kenedyakena/go/article_maker/app.go:174.52,177.3 2 0
/Users/kenedyakena/go/article_maker/app.go:181.72,183.2 1 0
/Users/kenedyakena/go/article_maker/app.go:184.76,189.2 4 1
/Users/kenedyakena/go/article_maker/app.go:191.34,198.2 5 1
/Users/kenedyakena/go/article_maker/article.go:37.57,42.16 2 1
/Users/kenedyakena/go/article_maker/article.go:46.2,46.12 1 1
/Users/kenedyakena/go/article_maker/article.go:42.16,44.3 1 0
/Users/kenedyakena/go/article_maker/article.go:49.57,55.2 3 1
/Users/kenedyakena/go/article_maker/article.go:57.48,67.2 2 1
/Users/kenedyakena/go/article_maker/article.go:69.51,73.2 3 0
/Users/kenedyakena/go/article_maker/article.go:75.51,79.2 3 1
/Users/kenedyakena/go/article_maker/article.go:81.125,88.79 2 1
/Users/kenedyakena/go/article_maker/article.go:114.2,119.16 2 1
/Users/kenedyakena/go/article_maker/article.go:124.2,126.18 3 1
/Users/kenedyakena/go/article_maker/article.go:134.2,134.22 1 1
/Users/kenedyakena/go/article_maker/article.go:88.79,93.21 3 1
/Users/kenedyakena/go/article_maker/article.go:97.3,97.22 1 1
/Users/kenedyakena/go/article_maker/article.go:101.3,101.24 1 1
/Users/kenedyakena/go/article_maker/article.go:105.3,105.22 1 1
/Users/kenedyakena/go/article_maker/article.go:109.3,111.22 2 1
/Users/kenedyakena/go/article_maker/article.go:93.21,95.4 1 1
/Users/kenedyakena/go/article_maker/article.go:97.22,99.4 1 1
/Users/kenedyakena/go/article_maker/article.go:101.24,103.4 1 1
/Users/kenedyakena/go/article_maker/article.go:105.22,107.4 1 0
/Users/kenedyakena/go/article_maker/article.go:119.16,122.3 2 0
/Users/kenedyakena/go/article_maker/article.go:126.18,128.126 2 1
/Users/kenedyakena/go/article_maker/article.go:131.3,131.33 1 1
/Users/kenedyakena/go/article_maker/article.go:128.126,130.4 1 0
/Users/kenedyakena/go/article_maker/category.go:13.58,15.2 1 1
/Users/kenedyakena/go/article_maker/category.go:17.53,21.16 2 1
/Users/kenedyakena/go/article_maker/category.go:25.2,27.16 2 1
/Users/kenedyakena/go/article_maker/category.go:31.2,31.12 1 1
/Users/kenedyakena/go/article_maker/category.go:21.16,23.3 1 0
/Users/kenedyakena/go/article_maker/category.go:27.16,29.3 1 0
